<?xml version="1.0" encoding="UTF-8"?>
<testng-results ignored="0" total="1" passed="1" failed="0" skipped="0">
  <reporter-output>
  </reporter-output>
  <suite started-at="2023-08-06T02:10:27 BDT" name="Default suite" finished-at="2023-08-06T02:10:47 BDT" duration-ms="19874">
    <groups>
    </groups>
    <test started-at="2023-08-06T02:10:27 BDT" name="Default test" finished-at="2023-08-06T02:10:47 BDT" duration-ms="19874">
      <class name="com.it.web3.TabHandling">
        <test-method is-config="true" signature="Start()[pri:0, instance:com.it.web3.TabHandling@3a7442c7]" started-at="2023-08-06T02:10:24 BDT" name="Start" finished-at="2023-08-06T02:10:27 BDT" duration-ms="3427" status="PASS">
          <reporter-output>
          </reporter-output>
        </test-method> <!-- Start -->
        <test-method signature="TabTest()[pri:0, instance:com.it.web3.TabHandling@3a7442c7]" started-at="2023-08-06T02:10:27 BDT" name="TabTest" finished-at="2023-08-06T02:10:47 BDT" duration-ms="19857" status="PASS">
          <reporter-output>
          </reporter-output>
        </test-method> <!-- TabTest -->
        <test-method is-config="true" signature="close()[pri:0, instance:com.it.web3.TabHandling@3a7442c7]" started-at="2023-08-06T02:10:47 BDT" name="close" finished-at="2023-08-06T02:10:47 BDT" duration-ms="56" status="PASS">
          <reporter-output>
          </reporter-output>
        </test-method> <!-- close -->
      </class> <!-- com.it.web3.TabHandling -->
    </test> <!-- Default test -->
  </suite> <!-- Default suite -->
</testng-results>
